#
# A fatal error has been detected by the Java Runtime Environment:
#
#  SIGSEGV (0xb) at pc=0x00007f39ec2ee605, pid=8343, tid=8344
#
# JRE version:  (11.0.9.1+11) (build )
# Java VM: OpenJDK 64-Bit Server VM (11.0.9.1+11-b1145.77, mixed mode, tiered, compressed oops, g1 gc, linux-amd64)
# Problematic frame:
# V  [libjvm.so+0xc3a605]  Rewriter::scan_method(Method*, bool, bool*)+0x1a5
#
# No core dump will be written. Core dumps have been disabled. To enable core dumping, try "ulimit -c unlimited" before starting Java again
#
#

---------------  S U M M A R Y ------------

Command Line: org.jetbrains.git4idea.http.GitAskPassApp Password for 'https://zirpindevs@github.com': 

Host: AMD Ryzen 5 1500X Quad-Core Processor, 8 cores, 15G, Debian GNU/Linux 10 (buster)
Time: Thu Apr 29 10:49:11 2021 CEST elapsed time: 0.101977 seconds (0d 0h 0m 0s)

---------------  T H R E A D  ---------------

Current thread (0x00007f39e4028000):  JavaThread "Unknown thread" [_thread_in_vm, id=8344, stack(0x00007f39eb430000,0x00007f39eb531000)]

Stack: [0x00007f39eb430000,0x00007f39eb531000],  sp=0x00007f39eb52f4c0,  free space=1021k
Native frames: (J=compiled Java code, A=aot compiled Java code, j=interpreted, Vv=VM code, C=native code)
V  [libjvm.so+0xc3a605]  Rewriter::scan_method(Method*, bool, bool*)+0x1a5
V  [libjvm.so+0xc3abe3]  Rewriter::rewrite_bytecodes(Thread*)+0x83
V  [libjvm.so+0xc3b247]  Rewriter::Rewriter(InstanceKlass*, constantPoolHandle const&, Array<Method*>*, Thread*)+0x3a7
V  [libjvm.so+0xc3b4c2]  Rewriter::rewrite(InstanceKlass*, Thread*)+0xe2
V  [libjvm.so+0x823509]  InstanceKlass::link_class_impl(bool, Thread*)+0x209
V  [libjvm.so+0x824898]  InstanceKlass::initialize_impl(Thread*)+0x208
V  [libjvm.so+0xd1f6e6]  Threads::initialize_java_lang_classes(JavaThread*, Thread*)+0xc6
V  [libjvm.so+0xd20787]  Threads::create_vm(JavaVMInitArgs*, bool*)+0x477
V  [libjvm.so+0x8c0891]  JNI_CreateJavaVM+0x51
C  [libjli.so+0x3c98]  JavaMain+0x88


siginfo: si_signo: 11 (SIGSEGV), si_code: 128 (SI_KERNEL), si_addr: 0x0000000000000000

Register to memory mapping:

RAX=0x0000000000000001 is an unknown value
RBX=0x0000000000000003 is an unknown value
RCX=0x0 is NULL
RDX=0x00007f39ec9fe1a0: <offset 0x000000000134a1a0> in /home/zirpin/Descargas/idea-IC-203.7148.57/jbr/lib/server/libjvm.so at 0x00007f39eb6b4000
RSP=0x00007f39eb52f4c0 is pointing into the stack for thread: 0x00007f39e4028000
RBP=0x00007f39eb52f580 is pointing into the stack for thread: 0x00007f39e4028000
RSI=0x00007f39d082d919 is pointing into metadata
RDI=0x00007f39eb52f6e0 is pointing into the stack for thread: 0x00007f39e4028000
R8 =0x00007f39d0821fb8 is pointing into metadata
R9 =0x0000000000000003 is an unknown value
R10=0x00007f39d082d922 is pointing into metadata
R11=0x0000000000000001 is an unknown value
R12=0x00007f39d082d8e0 is pointing into metadata
R13=0x00000000000000b7 is an unknown value
R14=0x000000000000000a is an unknown value
R15=0x000000000000001a is an unknown value


Registers:
RAX=0x0000000000000001, RBX=0x0000000000000003, RCX=0x0000000000000000, RDX=0x00007f39ec9fe1a0
RSP=0x00007f39eb52f4c0, RBP=0x00007f39eb52f580, RSI=0x00007f39d082d919, RDI=0x00007f39eb52f6e0
R8 =0x00007f39d0821fb8, R9 =0x0000000000000003, R10=0x00007f39d082d922, R11=0x0000000000000001
R12=0x00007f39d082d8e0, R13=0x00000000000000b7, R14=0x000000000000000a, R15=0x000000000000001a
RIP=0x00007f39ec2ee605, EFLAGS=0x0000000000010246, CSGSFS=0x002b000000000033, ERR=0x0000000000000000
  TRAPNO=0x000000000000000d

Top of Stack: (sp=0x00007f39eb52f4c0)
0x00007f39eb52f4c0:   00007f39eb52f500 00007f3900000001
0x00007f39eb52f4d0:   00007f39d082dad4 00007f3900000001
0x00007f39eb52f4e0:   00007f39eb52f538 00007f39eb52f530
0x00007f39eb52f4f0:   00007f39eb52f520 00007f39eb52f5b0 

Instructions: (pc=0x00007f39ec2ee605)
0x00007f39ec2ee505:   83 e0 fc 8b 00 0f c8 83 f8 04 0f 9f c0 83 e8 1c
0x00007f39ec2ee515:   41 88 02 0f 1f 84 00 00 00 00 00 41 01 de 45 39
0x00007f39ec2ee525:   f7 0f 8e c4 00 00 00 49 63 c6 4d 8d 54 04 38 45
0x00007f39ec2ee535:   0f b6 2a 41 80 fd ee 0f 87 ee 03 00 00 48 8d 15
0x00007f39ec2ee545:   57 fc 70 00 49 63 c5 0f b6 1c 02 83 e3 0f 0f 84
0x00007f39ec2ee555:   e7 02 00 00 0f b6 db b8 01 00 00 00 41 bb 01 00
0x00007f39ec2ee565:   00 00 41 81 fd b9 00 00 00 0f 8f 2c 02 00 00 41
0x00007f39ec2ee575:   81 fd b8 00 00 00 0f 8d ef 01 00 00 41 81 fd b2
0x00007f39ec2ee585:   00 00 00 0f 84 e2 01 00 00 0f 8e 3c ff ff ff 41
0x00007f39ec2ee595:   81 fd b5 00 00 00 0f 84 bc 00 00 00 0f 8e a9 00
0x00007f39ec2ee5a5:   00 00 41 81 fd b6 00 00 00 0f 84 bc 01 00 00 41
0x00007f39ec2ee5b5:   81 fd b7 00 00 00 0f 85 5f ff ff ff 0f b6 4d 9f
0x00007f39ec2ee5c5:   48 8b 7d 90 44 89 da 4c 89 d6 4c 8b 85 78 ff ff
0x00007f39ec2ee5d5:   ff 41 01 de e8 72 fd ff ff 45 39 f7 0f 8f 45 ff
0x00007f39ec2ee5e5:   ff ff 66 0f 1f 84 00 00 00 00 00 80 7d 9e 00 74
0x00007f39ec2ee5f5:   12 48 8b 45 88 be 00 00 00 20 48 8d 78 20 e8 78
0x00007f39ec2ee605:   d0 68 ff 8b 45 98 85 c0 0f 85 f5 02 00 00 48 81
0x00007f39ec2ee615:   c4 98 00 00 00 5b 41 5c 41 5d 41 5e 41 5f 5d c3
0x00007f39ec2ee625:   0f 1f 00 41 83 fd 12 0f 85 ee fe ff ff 44 0f b6
0x00007f39ec2ee635:   45 9f 48 8b 7d 90 31 c9 44 89 da 4c 89 d6 e8 38
0x00007f39ec2ee645:   ed ff ff e9 d3 fe ff ff 0f 1f 00 41 81 fd b3 00
0x00007f39ec2ee655:   00 00 0f 85 33 01 00 00 80 7d 9f 00 0f 85 09 01
0x00007f39ec2ee665:   00 00 48 8b 75 88 45 0f b7 2c 02 66 41 c1 cd 08
0x00007f39ec2ee675:   48 8b 56 08 48 8b 4a 08 48 c7 45 a8 00 00 00 00
0x00007f39ec2ee685:   48 8b 71 18 48 89 4d a0 48 89 75 80 48 85 c9 74
0x00007f39ec2ee695:   65 44 89 9d 48 ff ff ff 48 89 8d 50 ff ff ff 4c
0x00007f39ec2ee6a5:   89 95 58 ff ff ff 66 48 8d 3d 1d e9 6c 00 66 66
0x00007f39ec2ee6b5:   48 e8 55 72 63 ff 4c 8b 95 58 ff ff ff 48 8b 8d
0x00007f39ec2ee6c5:   50 ff ff ff 44 8b 9d 48 ff ff ff 48 8b 00 48 89
0x00007f39ec2ee6d5:   45 a8 48 8b 80 80 02 00 00 48 63 30 3b 70 04 0f
0x00007f39ec2ee6e5:   84 71 03 00 00 8d 56 01 89 10 48 8b 40 18 48 89
0x00007f39ec2ee6f5:   0c f0 48 8b 4d a0 45 0f b7 ed 31 d2 48 89 cf 44 


Stack slot to memory mapping:
stack at sp + 0 slots: 0x00007f39eb52f500 is pointing into the stack for thread: 0x00007f39e4028000
stack at sp + 1 slots: 0x00007f3900000001 is an unknown value
stack at sp + 2 slots: 0x00007f39d082dad4 is pointing into metadata
stack at sp + 3 slots: 0x00007f3900000001 is an unknown value
stack at sp + 4 slots: 0x00007f39eb52f538 is pointing into the stack for thread: 0x00007f39e4028000
stack at sp + 5 slots: 0x00007f39eb52f530 is pointing into the stack for thread: 0x00007f39e4028000
stack at sp + 6 slots: 0x00007f39eb52f520 is pointing into the stack for thread: 0x00007f39e4028000
stack at sp + 7 slots: 0x00007f39eb52f5b0 is pointing into the stack for thread: 0x00007f39e4028000


---------------  P R O C E S S  ---------------

Threads class SMR info:
_java_thread_list=0x00007f39e420a2c0, length=1, elements={
0x00007f39e4028000
}

Java Threads: ( => current thread )
=>0x00007f39e4028000 JavaThread "Unknown thread" [_thread_in_vm, id=8344, stack(0x00007f39eb430000,0x00007f39eb531000)]

Other Threads:
  0x00007f39e420a800 VMThread "VM Thread" [stack: 0x00007f39d0613000,0x00007f39d0713000] [id=8350]
  0x00007f39e403f800 GCTaskThread "GC Thread#0" [stack: 0x00007f39ea8db000,0x00007f39ea9db000] [id=8345]
  0x00007f39e409e800 ConcurrentGCThread "G1 Main Marker" [stack: 0x00007f39e874f000,0x00007f39e884f000] [id=8346]
  0x00007f39e40a0800 ConcurrentGCThread "G1 Conc#0" [stack: 0x00007f39e864d000,0x00007f39e874d000] [id=8347]
  0x00007f39e41a2000 ConcurrentGCThread "G1 Refine#0" [stack: 0x00007f39d111b000,0x00007f39d121b000] [id=8348]
  0x00007f39e41a3800 ConcurrentGCThread "G1 Young RemSet Sampling" [stack: 0x00007f39d1019000,0x00007f39d1119000] [id=8349]

Threads with active compile tasks:

VM state:not at safepoint (normal execution)

VM Mutex/Monitor currently owned by a thread: None

Heap address: 0x0000000705600000, size: 4010 MB, Compressed Oops mode: Zero based, Oop shift amount: 3
Narrow klass base: 0x0000000800000000, Narrow klass shift: 0
Compressed class space size: 1073741824 Address: 0x0000000800000000

Heap:
 garbage-first heap   total 258048K, used 0K [0x0000000705600000, 0x0000000800000000)
  region size 1024K, 1 young (1024K), 0 survivors (0K)
 Metaspace       used 1171K, capacity 4480K, committed 4480K, reserved 1056768K
  class space    used 88K, capacity 384K, committed 384K, reserved 1048576K
Heap Regions: E=young(eden), S=young(survivor), O=old, HS=humongous(starts), HC=humongous(continues), CS=collection set, F=free, A=archive, TAMS=top-at-mark-start (previous, next)
|   0|0x0000000705600000, 0x0000000705600000, 0x0000000705700000|  0%| F|  |TAMS 0x0000000705600000, 0x0000000705600000| Untracked 
|   1|0x0000000705700000, 0x0000000705700000, 0x0000000705800000|  0%| F|  |TAMS 0x0000000705700000, 0x0000000705700000| Untracked 
|   2|0x0000000705800000, 0x0000000705800000, 0x0000000705900000|  0%| F|  |TAMS 0x0000000705800000, 0x0000000705800000| Untracked 
|   3|0x0000000705900000, 0x0000000705900000, 0x0000000705a00000|  0%| F|  |TAMS 0x0000000705900000, 0x0000000705900000| Untracked 
|   4|0x0000000705a00000, 0x0000000705a00000, 0x0000000705b00000|  0%| F|  |TAMS 0x0000000705a00000, 0x0000000705a00000| Untracked 
|   5|0x0000000705b00000, 0x0000000705b00000, 0x0000000705c00000|  0%| F|  |TAMS 0x0000000705b00000, 0x0000000705b00000| Untracked 
|   6|0x0000000705c00000, 0x0000000705c00000, 0x0000000705d00000|  0%| F|  |TAMS 0x0000000705c00000, 0x0000000705c00000| Untracked 
|   7|0x0000000705d00000, 0x0000000705d00000, 0x0000000705e00000|  0%| F|  |TAMS 0x0000000705d00000, 0x0000000705d00000| Untracked 
|   8|0x0000000705e00000, 0x0000000705e00000, 0x0000000705f00000|  0%| F|  |TAMS 0x0000000705e00000, 0x0000000705e00000| Untracked 
|   9|0x0000000705f00000, 0x0000000705f00000, 0x0000000706000000|  0%| F|  |TAMS 0x0000000705f00000, 0x0000000705f00000| Untracked 
|  10|0x0000000706000000, 0x0000000706000000, 0x0000000706100000|  0%| F|  |TAMS 0x0000000706000000, 0x0000000706000000| Untracked 
|  11|0x0000000706100000, 0x0000000706100000, 0x0000000706200000|  0%| F|  |TAMS 0x0000000706100000, 0x0000000706100000| Untracked 
|  12|0x0000000706200000, 0x0000000706200000, 0x0000000706300000|  0%| F|  |TAMS 0x0000000706200000, 0x0000000706200000| Untracked 
|  13|0x0000000706300000, 0x0000000706300000, 0x0000000706400000|  0%| F|  |TAMS 0x0000000706300000, 0x0000000706300000| Untracked 
|  14|0x0000000706400000, 0x0000000706400000, 0x0000000706500000|  0%| F|  |TAMS 0x0000000706400000, 0x0000000706400000| Untracked 
|  15|0x0000000706500000, 0x0000000706500000, 0x0000000706600000|  0%| F|  |TAMS 0x0000000706500000, 0x0000000706500000| Untracked 
|  16|0x0000000706600000, 0x0000000706600000, 0x0000000706700000|  0%| F|  |TAMS 0x0000000706600000, 0x0000000706600000| Untracked 
|  17|0x0000000706700000, 0x0000000706700000, 0x0000000706800000|  0%| F|  |TAMS 0x0000000706700000, 0x0000000706700000| Untracked 
|  18|0x0000000706800000, 0x0000000706800000, 0x0000000706900000|  0%| F|  |TAMS 0x0000000706800000, 0x0000000706800000| Untracked 
|  19|0x0000000706900000, 0x0000000706900000, 0x0000000706a00000|  0%| F|  |TAMS 0x0000000706900000, 0x0000000706900000| Untracked 
|  20|0x0000000706a00000, 0x0000000706a00000, 0x0000000706b00000|  0%| F|  |TAMS 0x0000000706a00000, 0x0000000706a00000| Untracked 
|  21|0x0000000706b00000, 0x0000000706b00000, 0x0000000706c00000|  0%| F|  |TAMS 0x0000000706b00000, 0x0000000706b00000| Untracked 
|  22|0x0000000706c00000, 0x0000000706c00000, 0x0000000706d00000|  0%| F|  |TAMS 0x0000000706c00000, 0x0000000706c00000| Untracked 
|  23|0x0000000706d00000, 0x0000000706d00000, 0x0000000706e00000|  0%| F|  |TAMS 0x0000000706d00000, 0x0000000706d00000| Untracked 
|  24|0x0000000706e00000, 0x0000000706e00000, 0x0000000706f00000|  0%| F|  |TAMS 0x0000000706e00000, 0x0000000706e00000| Untracked 
|  25|0x0000000706f00000, 0x0000000706f00000, 0x0000000707000000|  0%| F|  |TAMS 0x0000000706f00000, 0x0000000706f00000| Untracked 
|  26|0x0000000707000000, 0x0000000707000000, 0x0000000707100000|  0%| F|  |TAMS 0x0000000707000000, 0x0000000707000000| Untracked 
|  27|0x0000000707100000, 0x0000000707100000, 0x0000000707200000|  0%| F|  |TAMS 0x0000000707100000, 0x0000000707100000| Untracked 
|  28|0x0000000707200000, 0x0000000707200000, 0x0000000707300000|  0%| F|  |TAMS 0x0000000707200000, 0x0000000707200000| Untracked 
|  29|0x0000000707300000, 0x0000000707300000, 0x0000000707400000|  0%| F|  |TAMS 0x0000000707300000, 0x0000000707300000| Untracked 
|  30|0x0000000707400000, 0x0000000707400000, 0x0000000707500000|  0%| F|  |TAMS 0x0000000707400000, 0x0000000707400000| Untracked 
|  31|0x0000000707500000, 0x0000000707500000, 0x0000000707600000|  0%| F|  |TAMS 0x0000000707500000, 0x0000000707500000| Untracked 
|  32|0x0000000707600000, 0x0000000707600000, 0x0000000707700000|  0%| F|  |TAMS 0x0000000707600000, 0x0000000707600000| Untracked 
|  33|0x0000000707700000, 0x0000000707700000, 0x0000000707800000|  0%| F|  |TAMS 0x0000000707700000, 0x0000000707700000| Untracked 
|  34|0x0000000707800000, 0x0000000707800000, 0x0000000707900000|  0%| F|  |TAMS 0x0000000707800000, 0x0000000707800000| Untracked 
|  35|0x0000000707900000, 0x0000000707900000, 0x0000000707a00000|  0%| F|  |TAMS 0x0000000707900000, 0x0000000707900000| Untracked 
|  36|0x0000000707a00000, 0x0000000707a00000, 0x0000000707b00000|  0%| F|  |TAMS 0x0000000707a00000, 0x0000000707a00000| Untracked 
|  37|0x0000000707b00000, 0x0000000707b00000, 0x0000000707c00000|  0%| F|  |TAMS 0x0000000707b00000, 0x0000000707b00000| Untracked 
|  38|0x0000000707c00000, 0x0000000707c00000, 0x0000000707d00000|  0%| F|  |TAMS 0x0000000707c00000, 0x0000000707c00000| Untracked 
|  39|0x0000000707d00000, 0x0000000707d00000, 0x0000000707e00000|  0%| F|  |TAMS 0x0000000707d00000, 0x0000000707d00000| Untracked 
|  40|0x0000000707e00000, 0x0000000707e00000, 0x0000000707f00000|  0%| F|  |TAMS 0x0000000707e00000, 0x0000000707e00000| Untracked 
|  41|0x0000000707f00000, 0x0000000707f00000, 0x0000000708000000|  0%| F|  |TAMS 0x0000000707f00000, 0x0000000707f00000| Untracked 
|  42|0x0000000708000000, 0x0000000708000000, 0x0000000708100000|  0%| F|  |TAMS 0x0000000708000000, 0x0000000708000000| Untracked 
|  43|0x0000000708100000, 0x0000000708100000, 0x0000000708200000|  0%| F|  |TAMS 0x0000000708100000, 0x0000000708100000| Untracked 
|  44|0x0000000708200000, 0x0000000708200000, 0x0000000708300000|  0%| F|  |TAMS 0x0000000708200000, 0x0000000708200000| Untracked 
|  45|0x0000000708300000, 0x0000000708300000, 0x0000000708400000|  0%| F|  |TAMS 0x0000000708300000, 0x0000000708300000| Untracked 
|  46|0x0000000708400000, 0x0000000708400000, 0x0000000708500000|  0%| F|  |TAMS 0x0000000708400000, 0x0000000708400000| Untracked 
|  47|0x0000000708500000, 0x0000000708500000, 0x0000000708600000|  0%| F|  |TAMS 0x0000000708500000, 0x0000000708500000| Untracked 
|  48|0x0000000708600000, 0x0000000708600000, 0x0000000708700000|  0%| F|  |TAMS 0x0000000708600000, 0x0000000708600000| Untracked 
|  49|0x0000000708700000, 0x0000000708700000, 0x0000000708800000|  0%| F|  |TAMS 0x0000000708700000, 0x0000000708700000| Untracked 
|  50|0x0000000708800000, 0x0000000708800000, 0x0000000708900000|  0%| F|  |TAMS 0x0000000708800000, 0x0000000708800000| Untracked 
|  51|0x0000000708900000, 0x0000000708900000, 0x0000000708a00000|  0%| F|  |TAMS 0x0000000708900000, 0x0000000708900000| Untracked 
|  52|0x0000000708a00000, 0x0000000708a00000, 0x0000000708b00000|  0%| F|  |TAMS 0x0000000708a00000, 0x0000000708a00000| Untracked 
|  53|0x0000000708b00000, 0x0000000708b00000, 0x0000000708c00000|  0%| F|  |TAMS 0x0000000708b00000, 0x0000000708b00000| Untracked 
|  54|0x0000000708c00000, 0x0000000708c00000, 0x0000000708d00000|  0%| F|  |TAMS 0x0000000708c00000, 0x0000000708c00000| Untracked 
|  55|0x0000000708d00000, 0x0000000708d00000, 0x0000000708e00000|  0%| F|  |TAMS 0x0000000708d00000, 0x0000000708d00000| Untracked 
|  56|0x0000000708e00000, 0x0000000708e00000, 0x0000000708f00000|  0%| F|  |TAMS 0x0000000708e00000, 0x0000000708e00000| Untracked 
|  57|0x0000000708f00000, 0x0000000708f00000, 0x0000000709000000|  0%| F|  |TAMS 0x0000000708f00000, 0x0000000708f00000| Untracked 
|  58|0x0000000709000000, 0x0000000709000000, 0x0000000709100000|  0%| F|  |TAMS 0x0000000709000000, 0x0000000709000000| Untracked 
|  59|0x0000000709100000, 0x0000000709100000, 0x0000000709200000|  0%| F|  |TAMS 0x0000000709100000, 0x0000000709100000| Untracked 
|  60|0x0000000709200000, 0x0000000709200000, 0x0000000709300000|  0%| F|  |TAMS 0x0000000709200000, 0x0000000709200000| Untracked 
|  61|0x0000000709300000, 0x0000000709300000, 0x0000000709400000|  0%| F|  |TAMS 0x0000000709300000, 0x0000000709300000| Untracked 
|  62|0x0000000709400000, 0x0000000709400000, 0x0000000709500000|  0%| F|  |TAMS 0x0000000709400000, 0x0000000709400000| Untracked 
|  63|0x0000000709500000, 0x0000000709500000, 0x0000000709600000|  0%| F|  |TAMS 0x0000000709500000, 0x0000000709500000| Untracked 
|  64|0x0000000709600000, 0x0000000709600000, 0x0000000709700000|  0%| F|  |TAMS 0x0000000709600000, 0x0000000709600000| Untracked 
|  65|0x0000000709700000, 0x0000000709700000, 0x0000000709800000|  0%| F|  |TAMS 0x0000000709700000, 0x0000000709700000| Untracked 
|  66|0x0000000709800000, 0x0000000709800000, 0x0000000709900000|  0%| F|  |TAMS 0x0000000709800000, 0x0000000709800000| Untracked 
|  67|0x0000000709900000, 0x0000000709900000, 0x0000000709a00000|  0%| F|  |TAMS 0x0000000709900000, 0x0000000709900000| Untracked 
|  68|0x0000000709a00000, 0x0000000709a00000, 0x0000000709b00000|  0%| F|  |TAMS 0x0000000709a00000, 0x0000000709a00000| Untracked 
|  69|0x0000000709b00000, 0x0000000709b00000, 0x0000000709c00000|  0%| F|  |TAMS 0x0000000709b00000, 0x0000000709b00000| Untracked 
|  70|0x0000000709c00000, 0x0000000709c00000, 0x0000000709d00000|  0%| F|  |TAMS 0x0000000709c00000, 0x0000000709c00000| Untracked 
|  71|0x0000000709d00000, 0x0000000709d00000, 0x0000000709e00000|  0%| F|  |TAMS 0x0000000709d00000, 0x0000000709d00000| Untracked 
|  72|0x0000000709e00000, 0x0000000709e00000, 0x0000000709f00000|  0%| F|  |TAMS 0x0000000709e00000, 0x0000000709e00000| Untracked 
|  73|0x0000000709f00000, 0x0000000709f00000, 0x000000070a000000|  0%| F|  |TAMS 0x0000000709f00000, 0x0000000709f00000| Untracked 
|  74|0x000000070a000000, 0x000000070a000000, 0x000000070a100000|  0%| F|  |TAMS 0x000000070a000000, 0x000000070a000000| Untracked 
|  75|0x000000070a100000, 0x000000070a100000, 0x000000070a200000|  0%| F|  |TAMS 0x000000070a100000, 0x000000070a100000| Untracked 
|  76|0x000000070a200000, 0x000000070a200000, 0x000000070a300000|  0%| F|  |TAMS 0x000000070a200000, 0x000000070a200000| Untracked 
|  77|0x000000070a300000, 0x000000070a300000, 0x000000070a400000|  0%| F|  |TAMS 0x000000070a300000, 0x000000070a300000| Untracked 
|  78|0x000000070a400000, 0x000000070a400000, 0x000000070a500000|  0%| F|  |TAMS 0x000000070a400000, 0x000000070a400000| Untracked 
|  79|0x000000070a500000, 0x000000070a500000, 0x000000070a600000|  0%| F|  |TAMS 0x000000070a500000, 0x000000070a500000| Untracked 
|  80|0x000000070a600000, 0x000000070a600000, 0x000000070a700000|  0%| F|  |TAMS 0x000000070a600000, 0x000000070a600000| Untracked 
|  81|0x000000070a700000, 0x000000070a700000, 0x000000070a800000|  0%| F|  |TAMS 0x000000070a700000, 0x000000070a700000| Untracked 
|  82|0x000000070a800000, 0x000000070a800000, 0x000000070a900000|  0%| F|  |TAMS 0x000000070a800000, 0x000000070a800000| Untracked 
|  83|0x000000070a900000, 0x000000070a900000, 0x000000070aa00000|  0%| F|  |TAMS 0x000000070a900000, 0x000000070a900000| Untracked 
|  84|0x000000070aa00000, 0x000000070aa00000, 0x000000070ab00000|  0%| F|  |TAMS 0x000000070aa00000, 0x000000070aa00000| Untracked 
|  85|0x000000070ab00000, 0x000000070ab00000, 0x000000070ac00000|  0%| F|  |TAMS 0x000000070ab00000, 0x000000070ab00000| Untracked 
|  86|0x000000070ac00000, 0x000000070ac00000, 0x000000070ad00000|  0%| F|  |TAMS 0x000000070ac00000, 0x000000070ac00000| Untracked 
|  87|0x000000070ad00000, 0x000000070ad00000, 0x000000070ae00000|  0%| F|  |TAMS 0x000000070ad00000, 0x000000070ad00000| Untracked 
|  88|0x000000070ae00000, 0x000000070ae00000, 0x000000070af00000|  0%| F|  |TAMS 0x000000070ae00000, 0x000000070ae00000| Untracked 
|  89|0x000000070af00000, 0x000000070af00000, 0x000000070b000000|  0%| F|  |TAMS 0x000000070af00000, 0x000000070af00000| Untracked 
|  90|0x000000070b000000, 0x000000070b000000, 0x000000070b100000|  0%| F|  |TAMS 0x000000070b000000, 0x000000070b000000| Untracked 
|  91|0x000000070b100000, 0x000000070b100000, 0x000000070b200000|  0%| F|  |TAMS 0x000000070b100000, 0x000000070b100000| Untracked 
|  92|0x000000070b200000, 0x000000070b200000, 0x000000070b300000|  0%| F|  |TAMS 0x000000070b200000, 0x000000070b200000| Untracked 
|  93|0x000000070b300000, 0x000000070b300000, 0x000000070b400000|  0%| F|  |TAMS 0x000000070b300000, 0x000000070b300000| Untracked 
|  94|0x000000070b400000, 0x000000070b400000, 0x000000070b500000|  0%| F|  |TAMS 0x000000070b400000, 0x000000070b400000| Untracked 
|  95|0x000000070b500000, 0x000000070b500000, 0x000000070b600000|  0%| F|  |TAMS 0x000000070b500000, 0x000000070b500000| Untracked 
|  96|0x000000070b600000, 0x000000070b600000, 0x000000070b700000|  0%| F|  |TAMS 0x000000070b600000, 0x000000070b600000| Untracked 
|  97|0x000000070b700000, 0x000000070b700000, 0x000000070b800000|  0%| F|  |TAMS 0x000000070b700000, 0x000000070b700000| Untracked 
|  98|0x000000070b800000, 0x000000070b800000, 0x000000070b900000|  0%| F|  |TAMS 0x000000070b800000, 0x000000070b800000| Untracked 
|  99|0x000000070b900000, 0x000000070b900000, 0x000000070ba00000|  0%| F|  |TAMS 0x000000070b900000, 0x000000070b900000| Untracked 
| 100|0x000000070ba00000, 0x000000070ba00000, 0x000000070bb00000|  0%| F|  |TAMS 0x000000070ba00000, 0x000000070ba00000| Untracked 
| 101|0x000000070bb00000, 0x000000070bb00000, 0x000000070bc00000|  0%| F|  |TAMS 0x000000070bb00000, 0x000000070bb00000| Untracked 
| 102|0x000000070bc00000, 0x000000070bc00000, 0x000000070bd00000|  0%| F|  |TAMS 0x000000070bc00000, 0x000000070bc00000| Untracked 
| 103|0x000000070bd00000, 0x000000070bd00000, 0x000000070be00000|  0%| F|  |TAMS 0x000000070bd00000, 0x000000070bd00000| Untracked 
| 104|0x000000070be00000, 0x000000070be00000, 0x000000070bf00000|  0%| F|  |TAMS 0x000000070be00000, 0x000000070be00000| Untracked 
| 105|0x000000070bf00000, 0x000000070bf00000, 0x000000070c000000|  0%| F|  |TAMS 0x000000070bf00000, 0x000000070bf00000| Untracked 
| 106|0x000000070c000000, 0x000000070c000000, 0x000000070c100000|  0%| F|  |TAMS 0x000000070c000000, 0x000000070c000000| Untracked 
| 107|0x000000070c100000, 0x000000070c100000, 0x000000070c200000|  0%| F|  |TAMS 0x000000070c100000, 0x000000070c100000| Untracked 
| 108|0x000000070c200000, 0x000000070c200000, 0x000000070c300000|  0%| F|  |TAMS 0x000000070c200000, 0x000000070c200000| Untracked 
| 109|0x000000070c300000, 0x000000070c300000, 0x000000070c400000|  0%| F|  |TAMS 0x000000070c300000, 0x000000070c300000| Untracked 
| 110|0x000000070c400000, 0x000000070c400000, 0x000000070c500000|  0%| F|  |TAMS 0x000000070c400000, 0x000000070c400000| Untracked 
| 111|0x000000070c500000, 0x000000070c500000, 0x000000070c600000|  0%| F|  |TAMS 0x000000070c500000, 0x000000070c500000| Untracked 
| 112|0x000000070c600000, 0x000000070c600000, 0x000000070c700000|  0%| F|  |TAMS 0x000000070c600000, 0x000000070c600000| Untracked 
| 113|0x000000070c700000, 0x000000070c700000, 0x000000070c800000|  0%| F|  |TAMS 0x000000070c700000, 0x000000070c700000| Untracked 
| 114|0x000000070c800000, 0x000000070c800000, 0x000000070c900000|  0%| F|  |TAMS 0x000000070c800000, 0x000000070c800000| Untracked 
| 115|0x000000070c900000, 0x000000070c900000, 0x000000070ca00000|  0%| F|  |TAMS 0x000000070c900000, 0x000000070c900000| Untracked 
| 116|0x000000070ca00000, 0x000000070ca00000, 0x000000070cb00000|  0%| F|  |TAMS 0x000000070ca00000, 0x000000070ca00000| Untracked 
| 117|0x000000070cb00000, 0x000000070cb00000, 0x000000070cc00000|  0%| F|  |TAMS 0x000000070cb00000, 0x000000070cb00000| Untracked 
| 118|0x000000070cc00000, 0x000000070cc00000, 0x000000070cd00000|  0%| F|  |TAMS 0x000000070cc00000, 0x000000070cc00000| Untracked 
| 119|0x000000070cd00000, 0x000000070cd00000, 0x000000070ce00000|  0%| F|  |TAMS 0x000000070cd00000, 0x000000070cd00000| Untracked 
| 120|0x000000070ce00000, 0x000000070ce00000, 0x000000070cf00000|  0%| F|  |TAMS 0x000000070ce00000, 0x000000070ce00000| Untracked 
| 121|0x000000070cf00000, 0x000000070cf00000, 0x000000070d000000|  0%| F|  |TAMS 0x000000070cf00000, 0x000000070cf00000| Untracked 
| 122|0x000000070d000000, 0x000000070d000000, 0x000000070d100000|  0%| F|  |TAMS 0x000000070d000000, 0x000000070d000000| Untracked 
| 123|0x000000070d100000, 0x000000070d100000, 0x000000070d200000|  0%| F|  |TAMS 0x000000070d100000, 0x000000070d100000| Untracked 
| 124|0x000000070d200000, 0x000000070d200000, 0x000000070d300000|  0%| F|  |TAMS 0x000000070d200000, 0x000000070d200000| Untracked 
| 125|0x000000070d300000, 0x000000070d300000, 0x000000070d400000|  0%| F|  |TAMS 0x000000070d300000, 0x000000070d300000| Untracked 
| 126|0x000000070d400000, 0x000000070d400000, 0x000000070d500000|  0%| F|  |TAMS 0x000000070d400000, 0x000000070d400000| Untracked 
| 127|0x000000070d500000, 0x000000070d500000, 0x000000070d600000|  0%| F|  |TAMS 0x000000070d500000, 0x000000070d500000| Untracked 
| 128|0x000000070d600000, 0x000000070d600000, 0x000000070d700000|  0%| F|  |TAMS 0x000000070d600000, 0x000000070d600000| Untracked 
| 129|0x000000070d700000, 0x000000070d700000, 0x000000070d800000|  0%| F|  |TAMS 0x000000070d700000, 0x000000070d700000| Untracked 
| 130|0x000000070d800000, 0x000000070d800000, 0x000000070d900000|  0%| F|  |TAMS 0x000000070d800000, 0x000000070d800000| Untracked 
| 131|0x000000070d900000, 0x000000070d900000, 0x000000070da00000|  0%| F|  |TAMS 0x000000070d900000, 0x000000070d900000| Untracked 
| 132|0x000000070da00000, 0x000000070da00000, 0x000000070db00000|  0%| F|  |TAMS 0x000000070da00000, 0x000000070da00000| Untracked 
| 133|0x000000070db00000, 0x000000070db00000, 0x000000070dc00000|  0%| F|  |TAMS 0x000000070db00000, 0x000000070db00000| Untracked 
| 134|0x000000070dc00000, 0x000000070dc00000, 0x000000070dd00000|  0%| F|  |TAMS 0x000000070dc00000, 0x000000070dc00000| Untracked 
| 135|0x000000070dd00000, 0x000000070dd00000, 0x000000070de00000|  0%| F|  |TAMS 0x000000070dd00000, 0x000000070dd00000| Untracked 
| 136|0x000000070de00000, 0x000000070de00000, 0x000000070df00000|  0%| F|  |TAMS 0x000000070de00000, 0x000000070de00000| Untracked 
| 137|0x000000070df00000, 0x000000070df00000, 0x000000070e000000|  0%| F|  |TAMS 0x000000070df00000, 0x000000070df00000| Untracked 
| 138|0x000000070e000000, 0x000000070e000000, 0x000000070e100000|  0%| F|  |TAMS 0x000000070e000000, 0x000000070e000000| Untracked 
| 139|0x000000070e100000, 0x000000070e100000, 0x000000070e200000|  0%| F|  |TAMS 0x000000070e100000, 0x000000070e100000| Untracked 
| 140|0x000000070e200000, 0x000000070e200000, 0x000000070e300000|  0%| F|  |TAMS 0x000000070e200000, 0x000000070e200000| Untracked 
| 141|0x000000070e300000, 0x000000070e300000, 0x000000070e400000|  0%| F|  |TAMS 0x000000070e300000, 0x000000070e300000| Untracked 
| 142|0x000000070e400000, 0x000000070e400000, 0x000000070e500000|  0%| F|  |TAMS 0x000000070e400000, 0x000000070e400000| Untracked 
| 143|0x000000070e500000, 0x000000070e500000, 0x000000070e600000|  0%| F|  |TAMS 0x000000070e500000, 0x000000070e500000| Untracked 
| 144|0x000000070e600000, 0x000000070e600000, 0x000000070e700000|  0%| F|  |TAMS 0x000000070e600000, 0x000000070e600000| Untracked 
| 145|0x000000070e700000, 0x000000070e700000, 0x000000070e800000|  0%| F|  |TAMS 0x000000070e700000, 0x000000070e700000| Untracked 
| 146|0x000000070e800000, 0x000000070e800000, 0x000000070e900000|  0%| F|  |TAMS 0x000000070e800000, 0x000000070e800000| Untracked 
| 147|0x000000070e900000, 0x000000070e900000, 0x000000070ea00000|  0%| F|  |TAMS 0x000000070e900000, 0x000000070e900000| Untracked 
| 148|0x000000070ea00000, 0x000000070ea00000, 0x000000070eb00000|  0%| F|  |TAMS 0x000000070ea00000, 0x000000070ea00000| Untracked 
| 149|0x000000070eb00000, 0x000000070eb00000, 0x000000070ec00000|  0%| F|  |TAMS 0x000000070eb00000, 0x000000070eb00000| Untracked 
| 150|0x000000070ec00000, 0x000000070ec00000, 0x000000070ed00000|  0%| F|  |TAMS 0x000000070ec00000, 0x000000070ec00000| Untracked 
| 151|0x000000070ed00000, 0x000000070ed00000, 0x000000070ee00000|  0%| F|  |TAMS 0x000000070ed00000, 0x000000070ed00000| Untracked 
| 152|0x000000070ee00000, 0x000000070ee00000, 0x000000070ef00000|  0%| F|  |TAMS 0x000000070ee00000, 0x000000070ee00000| Untracked 
| 153|0x000000070ef00000, 0x000000070ef00000, 0x000000070f000000|  0%| F|  |TAMS 0x000000070ef00000, 0x000000070ef00000| Untracked 
| 154|0x000000070f000000, 0x000000070f000000, 0x000000070f100000|  0%| F|  |TAMS 0x000000070f000000, 0x000000070f000000| Untracked 
| 155|0x000000070f100000, 0x000000070f100000, 0x000000070f200000|  0%| F|  |TAMS 0x000000070f100000, 0x000000070f100000| Untracked 
| 156|0x000000070f200000, 0x000000070f200000, 0x000000070f300000|  0%| F|  |TAMS 0x000000070f200000, 0x000000070f200000| Untracked 
| 157|0x000000070f300000, 0x000000070f300000, 0x000000070f400000|  0%| F|  |TAMS 0x000000070f300000, 0x000000070f300000| Untracked 
| 158|0x000000070f400000, 0x000000070f400000, 0x000000070f500000|  0%| F|  |TAMS 0x000000070f400000, 0x000000070f400000| Untracked 
| 159|0x000000070f500000, 0x000000070f500000, 0x000000070f600000|  0%| F|  |TAMS 0x000000070f500000, 0x000000070f500000| Untracked 
| 160|0x000000070f600000, 0x000000070f600000, 0x000000070f700000|  0%| F|  |TAMS 0x000000070f600000, 0x000000070f600000| Untracked 
| 161|0x000000070f700000, 0x000000070f700000, 0x000000070f800000|  0%| F|  |TAMS 0x000000070f700000, 0x000000070f700000| Untracked 
| 162|0x000000070f800000, 0x000000070f800000, 0x000000070f900000|  0%| F|  |TAMS 0x000000070f800000, 0x000000070f800000| Untracked 
| 163|0x000000070f900000, 0x000000070f900000, 0x000000070fa00000|  0%| F|  |TAMS 0x000000070f900000, 0x000000070f900000| Untracked 
| 164|0x000000070fa00000, 0x000000070fa00000, 0x000000070fb00000|  0%| F|  |TAMS 0x000000070fa00000, 0x000000070fa00000| Untracked 
| 165|0x000000070fb00000, 0x000000070fb00000, 0x000000070fc00000|  0%| F|  |TAMS 0x000000070fb00000, 0x000000070fb00000| Untracked 
| 166|0x000000070fc00000, 0x000000070fc00000, 0x000000070fd00000|  0%| F|  |TAMS 0x000000070fc00000, 0x000000070fc00000| Untracked 
| 167|0x000000070fd00000, 0x000000070fd00000, 0x000000070fe00000|  0%| F|  |TAMS 0x000000070fd00000, 0x000000070fd00000| Untracked 
| 168|0x000000070fe00000, 0x000000070fe00000, 0x000000070ff00000|  0%| F|  |TAMS 0x000000070fe00000, 0x000000070fe00000| Untracked 
| 169|0x000000070ff00000, 0x000000070ff00000, 0x0000000710000000|  0%| F|  |TAMS 0x000000070ff00000, 0x000000070ff00000| Untracked 
| 170|0x0000000710000000, 0x0000000710000000, 0x0000000710100000|  0%| F|  |TAMS 0x0000000710000000, 0x0000000710000000| Untracked 
| 171|0x0000000710100000, 0x0000000710100000, 0x0000000710200000|  0%| F|  |TAMS 0x0000000710100000, 0x0000000710100000| Untracked 
| 172|0x0000000710200000, 0x0000000710200000, 0x0000000710300000|  0%| F|  |TAMS 0x0000000710200000, 0x0000000710200000| Untracked 
| 173|0x0000000710300000, 0x0000000710300000, 0x0000000710400000|  0%| F|  |TAMS 0x0000000710300000, 0x0000000710300000| Untracked 
| 174|0x0000000710400000, 0x0000000710400000, 0x0000000710500000|  0%| F|  |TAMS 0x0000000710400000, 0x0000000710400000| Untracked 
| 175|0x0000000710500000, 0x0000000710500000, 0x0000000710600000|  0%| F|  |TAMS 0x0000000710500000, 0x0000000710500000| Untracked 
| 176|0x0000000710600000, 0x0000000710600000, 0x0000000710700000|  0%| F|  |TAMS 0x0000000710600000, 0x0000000710600000| Untracked 
| 177|0x0000000710700000, 0x0000000710700000, 0x0000000710800000|  0%| F|  |TAMS 0x0000000710700000, 0x0000000710700000| Untracked 
| 178|0x0000000710800000, 0x0000000710800000, 0x0000000710900000|  0%| F|  |TAMS 0x0000000710800000, 0x0000000710800000| Untracked 
| 179|0x0000000710900000, 0x0000000710900000, 0x0000000710a00000|  0%| F|  |TAMS 0x0000000710900000, 0x0000000710900000| Untracked 
| 180|0x0000000710a00000, 0x0000000710a00000, 0x0000000710b00000|  0%| F|  |TAMS 0x0000000710a00000, 0x0000000710a00000| Untracked 
| 181|0x0000000710b00000, 0x0000000710b00000, 0x0000000710c00000|  0%| F|  |TAMS 0x0000000710b00000, 0x0000000710b00000| Untracked 
| 182|0x0000000710c00000, 0x0000000710c00000, 0x0000000710d00000|  0%| F|  |TAMS 0x0000000710c00000, 0x0000000710c00000| Untracked 
| 183|0x0000000710d00000, 0x0000000710d00000, 0x0000000710e00000|  0%| F|  |TAMS 0x0000000710d00000, 0x0000000710d00000| Untracked 
| 184|0x0000000710e00000, 0x0000000710e00000, 0x0000000710f00000|  0%| F|  |TAMS 0x0000000710e00000, 0x0000000710e00000| Untracked 
| 185|0x0000000710f00000, 0x0000000710f00000, 0x0000000711000000|  0%| F|  |TAMS 0x0000000710f00000, 0x0000000710f00000| Untracked 
| 186|0x0000000711000000, 0x0000000711000000, 0x0000000711100000|  0%| F|  |TAMS 0x0000000711000000, 0x0000000711000000| Untracked 
| 187|0x0000000711100000, 0x0000000711100000, 0x0000000711200000|  0%| F|  |TAMS 0x0000000711100000, 0x0000000711100000| Untracked 
| 188|0x0000000711200000, 0x0000000711200000, 0x0000000711300000|  0%| F|  |TAMS 0x0000000711200000, 0x0000000711200000| Untracked 
| 189|0x0000000711300000, 0x0000000711300000, 0x0000000711400000|  0%| F|  |TAMS 0x0000000711300000, 0x0000000711300000| Untracked 
| 190|0x0000000711400000, 0x0000000711400000, 0x0000000711500000|  0%| F|  |TAMS 0x0000000711400000, 0x0000000711400000| Untracked 
| 191|0x0000000711500000, 0x0000000711500000, 0x0000000711600000|  0%| F|  |TAMS 0x0000000711500000, 0x0000000711500000| Untracked 
| 192|0x0000000711600000, 0x0000000711600000, 0x0000000711700000|  0%| F|  |TAMS 0x0000000711600000, 0x0000000711600000| Untracked 
| 193|0x0000000711700000, 0x0000000711700000, 0x0000000711800000|  0%| F|  |TAMS 0x0000000711700000, 0x0000000711700000| Untracked 
| 194|0x0000000711800000, 0x0000000711800000, 0x0000000711900000|  0%| F|  |TAMS 0x0000000711800000, 0x0000000711800000| Untracked 
| 195|0x0000000711900000, 0x0000000711900000, 0x0000000711a00000|  0%| F|  |TAMS 0x0000000711900000, 0x0000000711900000| Untracked 
| 196|0x0000000711a00000, 0x0000000711a00000, 0x0000000711b00000|  0%| F|  |TAMS 0x0000000711a00000, 0x0000000711a00000| Untracked 
| 197|0x0000000711b00000, 0x0000000711b00000, 0x0000000711c00000|  0%| F|  |TAMS 0x0000000711b00000, 0x0000000711b00000| Untracked 
| 198|0x0000000711c00000, 0x0000000711c00000, 0x0000000711d00000|  0%| F|  |TAMS 0x0000000711c00000, 0x0000000711c00000| Untracked 
| 199|0x0000000711d00000, 0x0000000711d00000, 0x0000000711e00000|  0%| F|  |TAMS 0x0000000711d00000, 0x0000000711d00000| Untracked 
| 200|0x0000000711e00000, 0x0000000711e00000, 0x0000000711f00000|  0%| F|  |TAMS 0x0000000711e00000, 0x0000000711e00000| Untracked 
| 201|0x0000000711f00000, 0x0000000711f00000, 0x0000000712000000|  0%| F|  |TAMS 0x0000000711f00000, 0x0000000711f00000| Untracked 
| 202|0x0000000712000000, 0x0000000712000000, 0x0000000712100000|  0%| F|  |TAMS 0x0000000712000000, 0x0000000712000000| Untracked 
| 203|0x0000000712100000, 0x0000000712100000, 0x0000000712200000|  0%| F|  |TAMS 0x0000000712100000, 0x0000000712100000| Untracked 
| 204|0x0000000712200000, 0x0000000712200000, 0x0000000712300000|  0%| F|  |TAMS 0x0000000712200000, 0x0000000712200000| Untracked 
| 205|0x0000000712300000, 0x0000000712300000, 0x0000000712400000|  0%| F|  |TAMS 0x0000000712300000, 0x0000000712300000| Untracked 
| 206|0x0000000712400000, 0x0000000712400000, 0x0000000712500000|  0%| F|  |TAMS 0x0000000712400000, 0x0000000712400000| Untracked 
| 207|0x0000000712500000, 0x0000000712500000, 0x0000000712600000|  0%| F|  |TAMS 0x0000000712500000, 0x0000000712500000| Untracked 
| 208|0x0000000712600000, 0x0000000712600000, 0x0000000712700000|  0%| F|  |TAMS 0x0000000712600000, 0x0000000712600000| Untracked 
| 209|0x0000000712700000, 0x0000000712700000, 0x0000000712800000|  0%| F|  |TAMS 0x0000000712700000, 0x0000000712700000| Untracked 
| 210|0x0000000712800000, 0x0000000712800000, 0x0000000712900000|  0%| F|  |TAMS 0x0000000712800000, 0x0000000712800000| Untracked 
| 211|0x0000000712900000, 0x0000000712900000, 0x0000000712a00000|  0%| F|  |TAMS 0x0000000712900000, 0x0000000712900000| Untracked 
| 212|0x0000000712a00000, 0x0000000712a00000, 0x0000000712b00000|  0%| F|  |TAMS 0x0000000712a00000, 0x0000000712a00000| Untracked 
| 213|0x0000000712b00000, 0x0000000712b00000, 0x0000000712c00000|  0%| F|  |TAMS 0x0000000712b00000, 0x0000000712b00000| Untracked 
| 214|0x0000000712c00000, 0x0000000712c00000, 0x0000000712d00000|  0%| F|  |TAMS 0x0000000712c00000, 0x0000000712c00000| Untracked 
| 215|0x0000000712d00000, 0x0000000712d00000, 0x0000000712e00000|  0%| F|  |TAMS 0x0000000712d00000, 0x0000000712d00000| Untracked 
| 216|0x0000000712e00000, 0x0000000712e00000, 0x0000000712f00000|  0%| F|  |TAMS 0x0000000712e00000, 0x0000000712e00000| Untracked 
| 217|0x0000000712f00000, 0x0000000712f00000, 0x0000000713000000|  0%| F|  |TAMS 0x0000000712f00000, 0x0000000712f00000| Untracked 
| 218|0x0000000713000000, 0x0000000713000000, 0x0000000713100000|  0%| F|  |TAMS 0x0000000713000000, 0x0000000713000000| Untracked 
| 219|0x0000000713100000, 0x0000000713100000, 0x0000000713200000|  0%| F|  |TAMS 0x0000000713100000, 0x0000000713100000| Untracked 
| 220|0x0000000713200000, 0x0000000713200000, 0x0000000713300000|  0%| F|  |TAMS 0x0000000713200000, 0x0000000713200000| Untracked 
| 221|0x0000000713300000, 0x0000000713300000, 0x0000000713400000|  0%| F|  |TAMS 0x0000000713300000, 0x0000000713300000| Untracked 
| 222|0x0000000713400000, 0x0000000713400000, 0x0000000713500000|  0%| F|  |TAMS 0x0000000713400000, 0x0000000713400000| Untracked 
| 223|0x0000000713500000, 0x0000000713500000, 0x0000000713600000|  0%| F|  |TAMS 0x0000000713500000, 0x0000000713500000| Untracked 
| 224|0x0000000713600000, 0x0000000713600000, 0x0000000713700000|  0%| F|  |TAMS 0x0000000713600000, 0x0000000713600000| Untracked 
| 225|0x0000000713700000, 0x0000000713700000, 0x0000000713800000|  0%| F|  |TAMS 0x0000000713700000, 0x0000000713700000| Untracked 
| 226|0x0000000713800000, 0x0000000713800000, 0x0000000713900000|  0%| F|  |TAMS 0x0000000713800000, 0x0000000713800000| Untracked 
| 227|0x0000000713900000, 0x0000000713900000, 0x0000000713a00000|  0%| F|  |TAMS 0x0000000713900000, 0x0000000713900000| Untracked 
| 228|0x0000000713a00000, 0x0000000713a00000, 0x0000000713b00000|  0%| F|  |TAMS 0x0000000713a00000, 0x0000000713a00000| Untracked 
| 229|0x0000000713b00000, 0x0000000713b00000, 0x0000000713c00000|  0%| F|  |TAMS 0x0000000713b00000, 0x0000000713b00000| Untracked 
| 230|0x0000000713c00000, 0x0000000713c00000, 0x0000000713d00000|  0%| F|  |TAMS 0x0000000713c00000, 0x0000000713c00000| Untracked 
| 231|0x0000000713d00000, 0x0000000713d00000, 0x0000000713e00000|  0%| F|  |TAMS 0x0000000713d00000, 0x0000000713d00000| Untracked 
| 232|0x0000000713e00000, 0x0000000713e00000, 0x0000000713f00000|  0%| F|  |TAMS 0x0000000713e00000, 0x0000000713e00000| Untracked 
| 233|0x0000000713f00000, 0x0000000713f00000, 0x0000000714000000|  0%| F|  |TAMS 0x0000000713f00000, 0x0000000713f00000| Untracked 
| 234|0x0000000714000000, 0x0000000714000000, 0x0000000714100000|  0%| F|  |TAMS 0x0000000714000000, 0x0000000714000000| Untracked 
| 235|0x0000000714100000, 0x0000000714100000, 0x0000000714200000|  0%| F|  |TAMS 0x0000000714100000, 0x0000000714100000| Untracked 
| 236|0x0000000714200000, 0x0000000714200000, 0x0000000714300000|  0%| F|  |TAMS 0x0000000714200000, 0x0000000714200000| Untracked 
| 237|0x0000000714300000, 0x0000000714300000, 0x0000000714400000|  0%| F|  |TAMS 0x0000000714300000, 0x0000000714300000| Untracked 
| 238|0x0000000714400000, 0x0000000714400000, 0x0000000714500000|  0%| F|  |TAMS 0x0000000714400000, 0x0000000714400000| Untracked 
| 239|0x0000000714500000, 0x0000000714500000, 0x0000000714600000|  0%| F|  |TAMS 0x0000000714500000, 0x0000000714500000| Untracked 
| 240|0x0000000714600000, 0x0000000714600000, 0x0000000714700000|  0%| F|  |TAMS 0x0000000714600000, 0x0000000714600000| Untracked 
| 241|0x0000000714700000, 0x0000000714700000, 0x0000000714800000|  0%| F|  |TAMS 0x0000000714700000, 0x0000000714700000| Untracked 
| 242|0x0000000714800000, 0x0000000714800000, 0x0000000714900000|  0%| F|  |TAMS 0x0000000714800000, 0x0000000714800000| Untracked 
| 243|0x0000000714900000, 0x0000000714900000, 0x0000000714a00000|  0%| F|  |TAMS 0x0000000714900000, 0x0000000714900000| Untracked 
| 244|0x0000000714a00000, 0x0000000714a00000, 0x0000000714b00000|  0%| F|  |TAMS 0x0000000714a00000, 0x0000000714a00000| Untracked 
| 245|0x0000000714b00000, 0x0000000714b00000, 0x0000000714c00000|  0%| F|  |TAMS 0x0000000714b00000, 0x0000000714b00000| Untracked 
| 246|0x0000000714c00000, 0x0000000714c00000, 0x0000000714d00000|  0%| F|  |TAMS 0x0000000714c00000, 0x0000000714c00000| Untracked 
| 247|0x0000000714d00000, 0x0000000714d00000, 0x0000000714e00000|  0%| F|  |TAMS 0x0000000714d00000, 0x0000000714d00000| Untracked 
| 248|0x0000000714e00000, 0x0000000714e00000, 0x0000000714f00000|  0%| F|  |TAMS 0x0000000714e00000, 0x0000000714e00000| Untracked 
| 249|0x0000000714f00000, 0x0000000714f00000, 0x0000000715000000|  0%| F|  |TAMS 0x0000000714f00000, 0x0000000714f00000| Untracked 
| 250|0x0000000715000000, 0x0000000715000000, 0x0000000715100000|  0%| F|  |TAMS 0x0000000715000000, 0x0000000715000000| Untracked 
| 251|0x0000000715100000, 0x000000071517ae20, 0x0000000715200000| 48%| E|  |TAMS 0x0000000715100000, 0x0000000715100000| Complete 

Card table byte_map: [0x00007f39e9127000,0x00007f39e98fc000] _byte_map_base: 0x00007f39e58fc000

Marking Bits (Prev, Next): (CMBitMap*) 0x00007f39e408dd78, (CMBitMap*) 0x00007f39e408ddb0
 Prev Bits: [0x00007f39c8158000, 0x00007f39cc000000)
 Next Bits: [0x00007f39c42b0000, 0x00007f39c8158000)

Polling page: 0x00007f39ed07d000

Metaspace:

Usage:
  Non-class:      4.00 MB capacity,     1.06 MB ( 26%) used,     2.94 MB ( 74%) free+waste,    64 bytes ( <1%) overhead. 
      Class:    384.00 KB capacity,    88.70 KB ( 23%) used,   295.24 KB ( 77%) free+waste,    64 bytes ( <1%) overhead. 
       Both:      4.38 MB capacity,     1.14 MB ( 26%) used,     3.23 MB ( 74%) free+waste,   128 bytes ( <1%) overhead. 

Virtual space:
  Non-class space:        8.00 MB reserved,       4.00 MB ( 50%) committed 
      Class space:        1.00 GB reserved,     384.00 KB ( <1%) committed 
             Both:        1.01 GB reserved,       4.38 MB ( <1%) committed 

Chunk freelists:
   Non-Class:  0 bytes
       Class:  0 bytes
        Both:  0 bytes

MaxMetaspaceSize: unlimited
CompressedClassSpaceSize: 1.00 GB

CodeHeap 'non-profiled nmethods': size=120032Kb used=0Kb max_used=0Kb free=120032Kb
 bounds [0x00007f39d8ee5000, 0x00007f39d9155000, 0x00007f39e041d000]
CodeHeap 'profiled nmethods': size=120028Kb used=0Kb max_used=0Kb free=120028Kb
 bounds [0x00007f39d19ae000, 0x00007f39d1c1e000, 0x00007f39d8ee5000]
CodeHeap 'non-nmethods': size=5700Kb used=324Kb max_used=324Kb free=5375Kb
 bounds [0x00007f39d141d000, 0x00007f39d168d000, 0x00007f39d19ae000]
 total_blobs=85 nmethods=0 adapters=58
 compilation: enabled
              stopped_count=0, restarted_count=0
 full_count=0

Compilation events (0 events):
No events

GC Heap History (0 events):
No events

Deoptimization events (0 events):
No events

Classes redefined (0 events):
No events

Internal exceptions (0 events):
No events

Events (20 events):
Event: 0.021 loading class java/lang/Double done
Event: 0.021 loading class java/lang/Byte
Event: 0.021 loading class java/lang/Byte done
Event: 0.021 loading class java/lang/Short
Event: 0.021 loading class java/lang/Short done
Event: 0.021 loading class java/lang/Integer
Event: 0.021 loading class java/lang/Integer done
Event: 0.021 loading class java/lang/Long
Event: 0.021 loading class java/lang/Long done
Event: 0.022 loading class java/lang/NullPointerException
Event: 0.022 loading class java/lang/NullPointerException done
Event: 0.022 loading class java/lang/ArithmeticException
Event: 0.022 loading class java/lang/ArithmeticException done
Event: 0.023 Thread 0x00007f39e4028000 Thread added: 0x00007f39e4028000
Event: 0.024 loading class java/io/ObjectStreamField
Event: 0.024 loading class java/io/ObjectStreamField done
Event: 0.024 loading class java/lang/String$CaseInsensitiveComparator
Event: 0.024 loading class java/util/Comparator
Event: 0.024 loading class java/util/Comparator done
Event: 0.024 loading class java/lang/String$CaseInsensitiveComparator done


Dynamic libraries:
705600000-715200000 rw-p 00000000 00:00 0 
715200000-800000000 ---p 00000000 00:00 0 
800000000-800060000 rw-p 00000000 00:00 0 
800060000-840000000 ---p 00000000 00:00 0 
558aa1ecd000-558aa1ece000 r-xp 00000000 08:01 21776206                   /home/zirpin/Descargas/idea-IC-203.7148.57/jbr/bin/java
558aa20ce000-558aa20cf000 r--p 00001000 08:01 21776206                   /home/zirpin/Descargas/idea-IC-203.7148.57/jbr/bin/java
558aa20cf000-558aa20d0000 rw-p 00002000 08:01 21776206                   /home/zirpin/Descargas/idea-IC-203.7148.57/jbr/bin/java
558aa375d000-558aa377e000 rw-p 00000000 00:00 0                          [heap]
7f39ac000000-7f39ac021000 rw-p 00000000 00:00 0 
7f39ac021000-7f39b0000000 ---p 00000000 00:00 0 
7f39b0000000-7f39b0021000 rw-p 00000000 00:00 0 
7f39b0021000-7f39b4000000 ---p 00000000 00:00 0 
7f39b4000000-7f39b4021000 rw-p 00000000 00:00 0 
7f39b4021000-7f39b8000000 ---p 00000000 00:00 0 
7f39b8000000-7f39b8021000 rw-p 00000000 00:00 0 
7f39b8021000-7f39bc000000 ---p 00000000 00:00 0 
7f39be000000-7f39c0000000 rw-p 00000000 00:00 0 
7f39c0000000-7f39c0021000 rw-p 00000000 00:00 0 
7f39c0021000-7f39c4000000 ---p 00000000 00:00 0 
7f39c42b0000-7f39c46a0000 rw-p 00000000 00:00 0 
7f39c46a0000-7f39c8158000 ---p 00000000 00:00 0 
7f39c8158000-7f39c8548000 rw-p 00000000 00:00 0 
7f39c8548000-7f39cc000000 ---p 00000000 00:00 0 
7f39cc000000-7f39cc021000 rw-p 00000000 00:00 0 
7f39cc021000-7f39d0000000 ---p 00000000 00:00 0 
7f39d0281000-7f39d0611000 rw-p 00000000 00:00 0 
7f39d0611000-7f39d0612000 ---p 00000000 00:00 0 
7f39d0612000-7f39d0c17000 rw-p 00000000 00:00 0 
7f39d0c17000-7f39d1017000 ---p 00000000 00:00 0 
7f39d1017000-7f39d1018000 ---p 00000000 00:00 0 
7f39d1018000-7f39d1119000 rw-p 00000000 00:00 0 
7f39d1119000-7f39d111a000 ---p 00000000 00:00 0 
7f39d111a000-7f39d141d000 rw-p 00000000 00:00 0 
7f39d141d000-7f39d168d000 rwxp 00000000 00:00 0 
7f39d168d000-7f39d19ae000 ---p 00000000 00:00 0 
7f39d19ae000-7f39d1c1e000 rwxp 00000000 00:00 0 
7f39d1c1e000-7f39d8ee5000 ---p 00000000 00:00 0 
7f39d8ee5000-7f39d9155000 rwxp 00000000 00:00 0 
7f39d9155000-7f39e041d000 ---p 00000000 00:00 0 
7f39e041d000-7f39e4000000 r--s 00000000 08:01 22938578                   /home/zirpin/Descargas/idea-IC-203.7148.57/jbr/lib/modules
7f39e4000000-7f39e421c000 rw-p 00000000 00:00 0 
7f39e421c000-7f39e8000000 ---p 00000000 00:00 0 
7f39e8003000-7f39e864b000 rw-p 00000000 00:00 0 
7f39e864b000-7f39e864c000 ---p 00000000 00:00 0 
7f39e864c000-7f39e874d000 rw-p 00000000 00:00 0 
7f39e874d000-7f39e874e000 ---p 00000000 00:00 0 
7f39e874e000-7f39e89d0000 rw-p 00000000 00:00 0 
7f39e89d0000-7f39e9127000 ---p 00000000 00:00 0 
7f39e9127000-7f39e91a5000 rw-p 00000000 00:00 0 
7f39e91a5000-7f39e98fc000 ---p 00000000 00:00 0 
7f39e98fc000-7f39e997a000 rw-p 00000000 00:00 0 
7f39e997a000-7f39ea0d1000 ---p 00000000 00:00 0 
7f39ea0d1000-7f39ea8d9000 rw-p 00000000 00:00 0 
7f39ea8d9000-7f39ea8da000 ---p 00000000 00:00 0 
7f39ea8da000-7f39ea9e0000 rw-p 00000000 00:00 0 
7f39ea9e0000-7f39eaac6000 ---p 00000000 00:00 0 
7f39eaac6000-7f39eaacb000 rw-p 00000000 00:00 0 
7f39eaacb000-7f39eabb1000 ---p 00000000 00:00 0 
7f39eabb1000-7f39eabb6000 rw-p 00000000 00:00 0 
7f39eabb6000-7f39eabbd000 ---p 00000000 00:00 0 
7f39eabbd000-7f39eabc4000 r-xp 00000000 08:01 22938577                   /home/zirpin/Descargas/idea-IC-203.7148.57/jbr/lib/libzip.so
7f39eabc4000-7f39eadc3000 ---p 00007000 08:01 22938577                   /home/zirpin/Descargas/idea-IC-203.7148.57/jbr/lib/libzip.so
7f39eadc3000-7f39eadc4000 r--p 00006000 08:01 22938577                   /home/zirpin/Descargas/idea-IC-203.7148.57/jbr/lib/libzip.so
7f39eadc4000-7f39eadc5000 rw-p 00000000 00:00 0 
7f39eadc5000-7f39eadcd000 rw-s 00000000 08:17 1068228                    /tmp/hsperfdata_zirpin/8343
7f39eadcd000-7f39eade8000 r-xp 00000000 08:01 22938535                   /home/zirpin/Descargas/idea-IC-203.7148.57/jbr/lib/libjimage.so
7f39eade8000-7f39eafe8000 ---p 0001b000 08:01 22938535                   /home/zirpin/Descargas/idea-IC-203.7148.57/jbr/lib/libjimage.so
7f39eafe8000-7f39eafea000 r--p 0001b000 08:01 22938535                   /home/zirpin/Descargas/idea-IC-203.7148.57/jbr/lib/libjimage.so
7f39eafea000-7f39eafeb000 rw-p 0001d000 08:01 22938535                   /home/zirpin/Descargas/idea-IC-203.7148.57/jbr/lib/libjimage.so
7f39eafeb000-7f39eb014000 r-xp 00000000 08:01 22938530                   /home/zirpin/Descargas/idea-IC-203.7148.57/jbr/lib/libjava.so
7f39eb014000-7f39eb214000 ---p 00029000 08:01 22938530                   /home/zirpin/Descargas/idea-IC-203.7148.57/jbr/lib/libjava.so
7f39eb214000-7f39eb215000 r--p 00029000 08:01 22938530                   /home/zirpin/Descargas/idea-IC-203.7148.57/jbr/lib/libjava.so
7f39eb215000-7f39eb216000 rw-p 0002a000 08:01 22938530                   /home/zirpin/Descargas/idea-IC-203.7148.57/jbr/lib/libjava.so
7f39eb216000-7f39eb217000 rw-p 00000000 00:00 0 
7f39eb217000-7f39eb224000 r-xp 00000000 08:01 22938576                   /home/zirpin/Descargas/idea-IC-203.7148.57/jbr/lib/libverify.so
7f39eb224000-7f39eb423000 ---p 0000d000 08:01 22938576                   /home/zirpin/Descargas/idea-IC-203.7148.57/jbr/lib/libverify.so
7f39eb423000-7f39eb425000 r--p 0000c000 08:01 22938576                   /home/zirpin/Descargas/idea-IC-203.7148.57/jbr/lib/libverify.so
7f39eb425000-7f39eb426000 rw-p 00000000 00:00 0 
7f39eb426000-7f39eb428000 r--p 00000000 08:17 393873                     /usr/lib/x86_64-linux-gnu/librt-2.28.so
7f39eb428000-7f39eb42c000 r-xp 00002000 08:17 393873                     /usr/lib/x86_64-linux-gnu/librt-2.28.so
7f39eb42c000-7f39eb42e000 r--p 00006000 08:17 393873                     /usr/lib/x86_64-linux-gnu/librt-2.28.so
7f39eb42e000-7f39eb42f000 r--p 00007000 08:17 393873                     /usr/lib/x86_64-linux-gnu/librt-2.28.so
7f39eb42f000-7f39eb430000 rw-p 00008000 08:17 393873                     /usr/lib/x86_64-linux-gnu/librt-2.28.so
7f39eb430000-7f39eb434000 ---p 00000000 00:00 0 
7f39eb434000-7f39eb531000 rw-p 00000000 00:00 0 
7f39eb531000-7f39eb53e000 r--p 00000000 08:17 393856                     /usr/lib/x86_64-linux-gnu/libm-2.28.so
7f39eb53e000-7f39eb5dd000 r-xp 0000d000 08:17 393856                     /usr/lib/x86_64-linux-gnu/libm-2.28.so
7f39eb5dd000-7f39eb6b2000 r--p 000ac000 08:17 393856                     /usr/lib/x86_64-linux-gnu/libm-2.28.so
7f39eb6b2000-7f39eb6b3000 r--p 00180000 08:17 393856                     /usr/lib/x86_64-linux-gnu/libm-2.28.so
7f39eb6b3000-7f39eb6b4000 rw-p 00181000 08:17 393856                     /usr/lib/x86_64-linux-gnu/libm-2.28.so
7f39eb6b4000-7f39ec6fe000 r-xp 00000000 08:01 23727222                   /home/zirpin/Descargas/idea-IC-203.7148.57/jbr/lib/server/libjvm.so
7f39ec6fe000-7f39ec8fe000 ---p 0104a000 08:01 23727222                   /home/zirpin/Descargas/idea-IC-203.7148.57/jbr/lib/server/libjvm.so
7f39ec8fe000-7f39ec9bd000 r--p 0104a000 08:01 23727222                   /home/zirpin/Descargas/idea-IC-203.7148.57/jbr/lib/server/libjvm.so
7f39ec9bd000-7f39ec9f6000 rw-p 01109000 08:01 23727222                   /home/zirpin/Descargas/idea-IC-203.7148.57/jbr/lib/server/libjvm.so
7f39ec9f6000-7f39eca4f000 rw-p 00000000 00:00 0 
7f39eca4f000-7f39eca71000 r--p 00000000 08:17 393853                     /usr/lib/x86_64-linux-gnu/libc-2.28.so
7f39eca71000-7f39ecbb9000 r-xp 00022000 08:17 393853                     /usr/lib/x86_64-linux-gnu/libc-2.28.so
7f39ecbb9000-7f39ecc05000 r--p 0016a000 08:17 393853                     /usr/lib/x86_64-linux-gnu/libc-2.28.so
7f39ecc05000-7f39ecc06000 ---p 001b6000 08:17 393853                     /usr/lib/x86_64-linux-gnu/libc-2.28.so
7f39ecc06000-7f39ecc0a000 r--p 001b6000 08:17 393853                     /usr/lib/x86_64-linux-gnu/libc-2.28.so
7f39ecc0a000-7f39ecc0c000 rw-p 001ba000 08:17 393853                     /usr/lib/x86_64-linux-gnu/libc-2.28.so
7f39ecc0c000-7f39ecc10000 rw-p 00000000 00:00 0 
7f39ecc10000-7f39ecc11000 r--p 00000000 08:17 393855                     /usr/lib/x86_64-linux-gnu/libdl-2.28.so
7f39ecc11000-7f39ecc12000 r-xp 00001000 08:17 393855                     /usr/lib/x86_64-linux-gnu/libdl-2.28.so
7f39ecc12000-7f39ecc13000 r--p 00002000 08:17 393855                     /usr/lib/x86_64-linux-gnu/libdl-2.28.so
7f39ecc13000-7f39ecc14000 r--p 00002000 08:17 393855                     /usr/lib/x86_64-linux-gnu/libdl-2.28.so
7f39ecc14000-7f39ecc15000 rw-p 00003000 08:17 393855                     /usr/lib/x86_64-linux-gnu/libdl-2.28.so
7f39ecc15000-7f39ecc24000 r-xp 00000000 08:01 23334540                   /home/zirpin/Descargas/idea-IC-203.7148.57/jbr/lib/jli/libjli.so
7f39ecc24000-7f39ece23000 ---p 0000f000 08:01 23334540                   /home/zirpin/Descargas/idea-IC-203.7148.57/jbr/lib/jli/libjli.so
7f39ece23000-7f39ece24000 r--p 0000e000 08:01 23334540                   /home/zirpin/Descargas/idea-IC-203.7148.57/jbr/lib/jli/libjli.so
7f39ece24000-7f39ece25000 rw-p 0000f000 08:01 23334540                   /home/zirpin/Descargas/idea-IC-203.7148.57/jbr/lib/jli/libjli.so
7f39ece25000-7f39ece2b000 r--p 00000000 08:17 393871                     /usr/lib/x86_64-linux-gnu/libpthread-2.28.so
7f39ece2b000-7f39ece3a000 r-xp 00006000 08:17 393871                     /usr/lib/x86_64-linux-gnu/libpthread-2.28.so
7f39ece3a000-7f39ece40000 r--p 00015000 08:17 393871                     /usr/lib/x86_64-linux-gnu/libpthread-2.28.so
7f39ece40000-7f39ece41000 r--p 0001a000 08:17 393871                     /usr/lib/x86_64-linux-gnu/libpthread-2.28.so
7f39ece41000-7f39ece42000 rw-p 0001b000 08:17 393871                     /usr/lib/x86_64-linux-gnu/libpthread-2.28.so
7f39ece42000-7f39ece46000 rw-p 00000000 00:00 0 
7f39ece46000-7f39ece62000 r-xp 00000000 08:17 395563                     /usr/lib/x86_64-linux-gnu/libz.so.1.2.11
7f39ece62000-7f39ed062000 ---p 0001c000 08:17 395563                     /usr/lib/x86_64-linux-gnu/libz.so.1.2.11
7f39ed062000-7f39ed063000 r--p 0001c000 08:17 395563                     /usr/lib/x86_64-linux-gnu/libz.so.1.2.11
7f39ed063000-7f39ed064000 rw-p 0001d000 08:17 395563                     /usr/lib/x86_64-linux-gnu/libz.so.1.2.11
7f39ed068000-7f39ed06b000 r--p 00000000 08:17 393865                     /usr/lib/x86_64-linux-gnu/libnss_files-2.28.so
7f39ed06b000-7f39ed072000 r-xp 00003000 08:17 393865                     /usr/lib/x86_64-linux-gnu/libnss_files-2.28.so
7f39ed072000-7f39ed074000 r--p 0000a000 08:17 393865                     /usr/lib/x86_64-linux-gnu/libnss_files-2.28.so
7f39ed074000-7f39ed075000 ---p 0000c000 08:17 393865                     /usr/lib/x86_64-linux-gnu/libnss_files-2.28.so
7f39ed075000-7f39ed076000 r--p 0000c000 08:17 393865                     /usr/lib/x86_64-linux-gnu/libnss_files-2.28.so
7f39ed076000-7f39ed077000 rw-p 0000d000 08:17 393865                     /usr/lib/x86_64-linux-gnu/libnss_files-2.28.so
7f39ed077000-7f39ed07d000 rw-p 00000000 00:00 0 
7f39ed07d000-7f39ed07e000 ---p 00000000 00:00 0 
7f39ed07e000-7f39ed07f000 r--p 00000000 00:00 0 
7f39ed07f000-7f39ed081000 rw-p 00000000 00:00 0 
7f39ed081000-7f39ed082000 r--p 00000000 08:17 393239                     /usr/lib/x86_64-linux-gnu/ld-2.28.so
7f39ed082000-7f39ed0a0000 r-xp 00001000 08:17 393239                     /usr/lib/x86_64-linux-gnu/ld-2.28.so
7f39ed0a0000-7f39ed0a8000 r--p 0001f000 08:17 393239                     /usr/lib/x86_64-linux-gnu/ld-2.28.so
7f39ed0a8000-7f39ed0a9000 r--p 00026000 08:17 393239                     /usr/lib/x86_64-linux-gnu/ld-2.28.so
7f39ed0a9000-7f39ed0aa000 rw-p 00027000 08:17 393239                     /usr/lib/x86_64-linux-gnu/ld-2.28.so
7f39ed0aa000-7f39ed0ab000 rw-p 00000000 00:00 0 
7ffda001c000-7ffda003d000 rw-p 00000000 00:00 0                          [stack]
7ffda0053000-7ffda0056000 r--p 00000000 00:00 0                          [vvar]
7ffda0056000-7ffda0058000 r-xp 00000000 00:00 0                          [vdso]


VM Arguments:
java_command: org.jetbrains.git4idea.http.GitAskPassApp Password for 'https://zirpindevs@github.com': 
java_class_path (initial): /home/zirpin/Descargas/idea-IC-203.7148.57/plugins/git4idea/lib/git4idea-rt.jar:/home/zirpin/Descargas/idea-IC-203.7148.57/lib/xmlrpc-2.0.1.jar:/home/zirpin/Descargas/idea-IC-203.7148.57/lib/commons-codec-1.14.jar
Launcher Type: SUN_STANDARD

[Global flags]
     intx CICompilerCount                          = 4                                         {product} {ergonomic}
     uint ConcGCThreads                            = 2                                         {product} {ergonomic}
     uint G1ConcRefinementThreads                  = 8                                         {product} {ergonomic}
   size_t G1HeapRegionSize                         = 1048576                                   {product} {ergonomic}
    uintx GCDrainStackTargetSize                   = 64                                        {product} {ergonomic}
   size_t InitialHeapSize                          = 264241152                                 {product} {ergonomic}
   size_t MarkStackSize                            = 4194304                                   {product} {ergonomic}
   size_t MaxHeapSize                              = 4204789760                                {product} {ergonomic}
   size_t MaxNewSize                               = 2522873856                                {product} {ergonomic}
   size_t MinHeapDeltaBytes                        = 1048576                                   {product} {ergonomic}
    uintx NonNMethodCodeHeapSize                   = 5836300                                {pd product} {ergonomic}
    uintx NonProfiledCodeHeapSize                  = 122910970                              {pd product} {ergonomic}
    uintx ProfiledCodeHeapSize                     = 122910970                              {pd product} {ergonomic}
    uintx ReservedCodeCacheSize                    = 251658240                              {pd product} {ergonomic}
     bool SegmentedCodeCache                       = true                                      {product} {ergonomic}
     bool UseCompressedClassPointers               = true                                 {lp64_product} {ergonomic}
     bool UseCompressedOops                        = true                                 {lp64_product} {ergonomic}
     bool UseG1GC                                  = true                                      {product} {ergonomic}

Logging:
Log output configuration:
 #0: stdout all=warning uptime,level,tags
 #1: stderr all=off uptime,level,tags

Environment Variables:
JAVA_HOME=/usr/lib/jvm/jdk-15.0.2
PATH=/usr/lib/git-core:/usr/local/lib/nodejs/node-v10.15.0-linux-x64/bin:/sbin:/opt/apache-maven-3.6.3/bin:/usr/local/bin:/usr/bin:/bin:/usr/local/games:/usr/games:/home/zirpin/bin:/usr/lib/jvm/jdk-15.0.2/bin:/opt/apache-maven-3.6.3/bin
USERNAME=zirpin
SHELL=/bin/bash
DISPLAY=:0
LANG=es_ES.UTF-8
LC_ALL=en_US.UTF-8

Signal Handlers:
SIGSEGV: [libjvm.so+0xd84b50], sa_mask[0]=11111111011111111101111111111110, sa_flags=SA_RESTART|SA_SIGINFO
SIGBUS: [libjvm.so+0xd84b50], sa_mask[0]=11111111011111111101111111111110, sa_flags=SA_RESTART|SA_SIGINFO
SIGFPE: [libjvm.so+0xd84b50], sa_mask[0]=11111111011111111101111111111110, sa_flags=SA_RESTART|SA_SIGINFO
SIGPIPE: [libjvm.so+0xb85d10], sa_mask[0]=11111111011111111101111111111110, sa_flags=SA_RESTART|SA_SIGINFO
SIGXFSZ: [libjvm.so+0xb85d10], sa_mask[0]=11111111011111111101111111111110, sa_flags=SA_RESTART|SA_SIGINFO
SIGILL: [libjvm.so+0xd84b50], sa_mask[0]=11111111011111111101111111111110, sa_flags=SA_RESTART|SA_SIGINFO
SIGUSR2: [libjvm.so+0xb85ba0], sa_mask[0]=00100000000000000000000000000000, sa_flags=SA_RESTART|SA_SIGINFO
SIGHUP: SIG_DFL, sa_mask[0]=00000000000000000000000000000000, sa_flags=none
SIGINT: SIG_DFL, sa_mask[0]=00000000000000000000000000000000, sa_flags=none
SIGTERM: SIG_DFL, sa_mask[0]=00000000000000000000000000000000, sa_flags=none
SIGQUIT: SIG_DFL, sa_mask[0]=00000000000000000000000000000000, sa_flags=none


---------------  S Y S T E M  ---------------

OS:PRETTY_NAME="Debian GNU/Linux 10 (buster)"
NAME="Debian GNU/Linux"
VERSION_ID="10"
VERSION="10 (buster)"
VERSION_CODENAME=buster
ID=debian
HOME_URL="https://www.debian.org/"
SUPPORT_URL="https://www.debian.org/support"
BUG_REPORT_URL="https://bugs.debian.org/"
uname:Linux 4.19.0-16-amd64 #1 SMP Debian 4.19.181-1 (2021-03-19) x86_64
OS uptime: 0 days 1:17 hours
libc:glibc 2.28 NPTL 2.28 
rlimit (soft/hard): STACK 8192k/infinity , CORE 0k/infinity , NPROC 63469/63469 , NOFILE 1048576/1048576 , AS infinity/infinity , CPU infinity/infinity , DATA infinity/infinity , FSIZE infinity/infinity , MEMLOCK 65536k/65536k
load average:3.43 3.40 2.67

/proc/meminfo:
MemTotal:       16424096 kB
MemFree:         7069108 kB
MemAvailable:    9667448 kB
Buffers:          171716 kB
Cached:          2810264 kB
SwapCached:            0 kB
Active:          7014928 kB
Inactive:        1816532 kB
Active(anon):    5853304 kB
Inactive(anon):   196600 kB
Active(file):    1161624 kB
Inactive(file):  1619932 kB
Unevictable:          32 kB
Mlocked:              32 kB
SwapTotal:       7840764 kB
SwapFree:        7840764 kB
Dirty:              1624 kB
Writeback:             0 kB
AnonPages:       5785688 kB
Mapped:           819896 kB
Shmem:            208680 kB
Slab:             282688 kB
SReclaimable:     133872 kB
SUnreclaim:       148816 kB
KernelStack:       23040 kB
PageTables:        40512 kB
NFS_Unstable:          0 kB
Bounce:                0 kB
WritebackTmp:          0 kB
CommitLimit:    16052812 kB
Committed_AS:   12943424 kB
VmallocTotal:   34359738367 kB
VmallocUsed:           0 kB
VmallocChunk:          0 kB
Percpu:            17408 kB
HardwareCorrupted:     0 kB
AnonHugePages:   2717696 kB
ShmemHugePages:        0 kB
ShmemPmdMapped:        0 kB
HugePages_Total:       0
HugePages_Free:        0
HugePages_Rsvd:        0
HugePages_Surp:        0
Hugepagesize:       2048 kB
Hugetlb:               0 kB
DirectMap4k:      394628 kB
DirectMap2M:     8978432 kB
DirectMap1G:     8388608 kB

/sys/kernel/mm/transparent_hugepage/enabled:
[always] madvise never
/sys/kernel/mm/transparent_hugepage/defrag (defrag/compaction efforts parameter):
always defer defer+madvise [madvise] never

/proc/sys/kernel/threads-max (system-wide limit on the number of threads):
126938
/proc/sys/vm/max_map_count (maximum number of memory map areas a process may have):
65530
/proc/sys/kernel/pid_max (system-wide limit on number of process identifiers):
32768

container (cgroup) information:
container_type: cgroupv1
cpu_cpuset_cpus: 0-7
cpu_memory_nodes: 0
active_processor_count: 8
cpu_quota: -1
cpu_period: 100000
cpu_shares: -1
memory_limit_in_bytes: -1
memory_and_swap_limit_in_bytes: -2
memory_soft_limit_in_bytes: -1
memory_usage_in_bytes: 7324028928
memory_max_usage_in_bytes: 7439122432

Steal ticks since vm start: 0
Steal ticks percentage since vm start:  0.000

CPU:total 8 (initial active 8) (8 cores per cpu, 2 threads per core) family 23 model 1 stepping 1, cmov, cx8, fxsr, mmx, sse, sse2, sse3, ssse3, sse4.1, sse4.2, popcnt, avx, avx2, aes, clmul, mmxext, 3dnowpref, lzcnt, sse4a, ht, tsc, tscinvbit, tscinv, bmi1, bmi2, adx, sha, fma
CPU Model and flags from /proc/cpuinfo:
model name	: AMD Ryzen 5 1500X Quad-Core Processor
flags		: fpu vme de pse tsc msr pae mce cx8 apic sep mtrr pge mca cmov pat pse36 clflush mmx fxsr sse sse2 ht syscall nx mmxext fxsr_opt pdpe1gb rdtscp lm constant_tsc rep_good nopl nonstop_tsc cpuid extd_apicid aperfmperf pni pclmulqdq monitor ssse3 fma cx16 sse4_1 sse4_2 movbe popcnt aes xsave avx f16c rdrand lahf_lm cmp_legacy svm extapic cr8_legacy abm sse4a misalignsse 3dnowprefetch osvw skinit wdt tce topoext perfctr_core perfctr_nb bpext perfctr_llc mwaitx cpb hw_pstate sme ssbd sev ibpb vmmcall fsgsbase bmi1 avx2 smep bmi2 rdseed adx smap clflushopt sha_ni xsaveopt xsavec xgetbv1 xsaves clzero irperf xsaveerptr arat npt lbrv svm_lock nrip_save tsc_scale vmcb_clean flushbyasid decodeassists pausefilter pfthreshold avic v_vmsave_vmload vgif overflow_recov succor smca
Online cpus:
0-7
Offline cpus:
8-31
BIOS frequency limitation:
3500000
Frequency switch latency (ns):
0
Available cpu frequencies:
3500000 3000000 1550000 
Current governor:
ondemand
Core performance/turbo boost:
1

Memory: 4k page, physical 16424096k(7069108k free), swap 7840764k(7840764k free)

vm_info: OpenJDK 64-Bit Server VM (11.0.9.1+11-b1145.77) for linux-amd64 JRE (11.0.9.1+11-b1145.77), built on Jan 16 2021 01:53:20 by "" with gcc 8.3.1 20190311 (Red Hat 8.3.1-3)

END.
